#
# There is insufficient memory for the Java Runtime Environment to continue.
# Native memory allocation (mmap) failed to map 199229440 bytes for G1 virtual space
# Possible reasons:
#   The system is out of physical RAM or swap space
#   The process is running with CompressedOops enabled, and the Java Heap may be blocking the growth of the native heap
# Possible solutions:
#   Reduce memory load on the system
#   Increase physical memory or swap space
#   Check if swap backing store is full
#   Decrease Java heap size (-Xmx/-Xms)
#   Decrease number of Java threads
#   Decrease Java thread stack sizes (-Xss)
#   Set larger code cache with -XX:ReservedCodeCacheSize=
#   JVM is running with Zero Based Compressed Oops mode in which the Java heap is
#     placed in the first 32GB address space. The Java Heap base address is the
#     maximum limit for the native heap growth. Please use -XX:HeapBaseMinAddress
#     to set the Java Heap base and to place the Java Heap above 32GB virtual address.
# This output file may be truncated or incomplete.
#
#  Out of Memory Error (os_windows.cpp:3769), pid=26652, tid=30656
#
# JRE version:  (17.0.6+10) (build )
# Java VM: OpenJDK 64-Bit Server VM (17.0.6+10-b829.9, mixed mode, sharing, tiered, compressed oops, compressed class ptrs, g1 gc, windows-amd64)
# No core dump will be written. Minidumps are not enabled by default on client versions of Windows
#

---------------  S U M M A R Y ------------

Command Line: git4idea.http.GitAskPassApp Username for 'https://github.com': 

Host: Intel(R) Core(TM) i5-1035G1 CPU @ 1.00GHz, 8 cores, 11G,  Windows 11 , 64 bit Build 22621 (10.0.22621.3374)
Time: Tue Apr 16 09:31:59 2024 SE Asia Standard Time elapsed time: 0.024277 seconds (0d 0h 0m 0s)

---------------  T H R E A D  ---------------

Current thread (0x00000255822f2750):  JavaThread "Unknown thread" [_thread_in_vm, id=30656, stack(0x000000737d100000,0x000000737d200000)]

Stack: [0x000000737d100000,0x000000737d200000]
Native frames: (J=compiled Java code, j=interpreted, Vv=VM code, C=native code)
V  [jvm.dll+0x683c5a]
V  [jvm.dll+0x842764]
V  [jvm.dll+0x843f5e]
V  [jvm.dll+0x8445c3]
V  [jvm.dll+0x249b75]
V  [jvm.dll+0x680b29]
V  [jvm.dll+0x67501a]
V  [jvm.dll+0x309acb]
V  [jvm.dll+0x310f86]
V  [jvm.dll+0x3608ee]
V  [jvm.dll+0x360b1f]
V  [jvm.dll+0x2dfbf8]
V  [jvm.dll+0x2e0b64]
V  [jvm.dll+0x814051]
V  [jvm.dll+0x36e6a1]
V  [jvm.dll+0x7f358c]
V  [jvm.dll+0x3f0e8f]
V  [jvm.dll+0x3f29d1]
C  [jli.dll+0x526b]
C  [ucrtbase.dll+0x29333]
C  [KERNEL32.DLL+0x1257d]
C  [ntdll.dll+0x5aa48]


---------------  P R O C E S S  ---------------

Threads class SMR info:
_java_thread_list=0x00007ffc1c18c058, length=0, elements={
}

Java Threads: ( => current thread )

Other Threads:
  0x0000025582349cf0 GCTaskThread "GC Thread#0" [stack: 0x000000737d200000,0x000000737d300000] [id=3440]
  0x0000025582373e90 ConcurrentGCThread "G1 Main Marker" [stack: 0x000000737d300000,0x000000737d400000] [id=25980]
  0x00000255823747b0 ConcurrentGCThread "G1 Conc#0" [stack: 0x000000737d400000,0x000000737d500000] [id=30636]

[error occurred during error reporting (printing all threads), id 0xc0000005, EXCEPTION_ACCESS_VIOLATION (0xc0000005) at pc=0x00007ffc1b940797]

VM state: not at safepoint (not fully initialized)

VM Mutex/Monitor currently owned by a thread:  ([mutex/lock_event])
[0x00000255822ed6f0] Heap_lock - owner thread: 0x00000255822f2750

Heap address: 0x0000000743a00000, size: 3014 MB, Compressed Oops mode: Zero based, Oop shift amount: 3

CDS archive(s) mapped at: [0x0000000000000000-0x0000000000000000-0x0000000000000000), size 0, SharedBaseAddress: 0x0000000800000000, ArchiveRelocationMode: 0.
Narrow klass base: 0x0000000000000000, Narrow klass shift: 0, Narrow klass range: 0x0

GC Precious Log:
<Empty>

Heap:
 garbage-first heap   total 0K, used 0K [0x0000000743a00000, 0x0000000800000000)
  region size 2048K, 0 young (0K), 0 survivors (0K)

[error occurred during error reporting (printing heap information), id 0xc0000005, EXCEPTION_ACCESS_VIOLATION (0xc0000005) at pc=0x00007ffc1bd2da49]

GC Heap History (0 events):
No events

Dll operation events (1 events):
Event: 0.017 Loaded shared library C:\Program Files\JetBrains\IntelliJ IDEA 2023.1.1\jbr\bin\java.dll

Deoptimization events (0 events):
No events

Classes unloaded (0 events):
No events

Classes redefined (0 events):
No events

Internal exceptions (0 events):
No events

VM Operations (0 events):
No events

Events (0 events):
No events


Dynamic libraries:
0x00007ff7ae970000 - 0x00007ff7ae97a000 	C:\Program Files\JetBrains\IntelliJ IDEA 2023.1.1\jbr\bin\java.exe
0x00007ffcd66d0000 - 0x00007ffcd68e6000 	C:\WINDOWS\SYSTEM32\ntdll.dll
0x00007ffcd4ff0000 - 0x00007ffcd50b4000 	C:\WINDOWS\System32\KERNEL32.DLL
0x00007ffcd3d40000 - 0x00007ffcd40e7000 	C:\WINDOWS\System32\KERNELBASE.dll
0x00007ffcd42e0000 - 0x00007ffcd43f1000 	C:\WINDOWS\System32\ucrtbase.dll
0x00007ffcad6e0000 - 0x00007ffcad6f7000 	C:\Program Files\JetBrains\IntelliJ IDEA 2023.1.1\jbr\bin\jli.dll
0x00007ffcb7d20000 - 0x00007ffcb7d3b000 	C:\Program Files\JetBrains\IntelliJ IDEA 2023.1.1\jbr\bin\VCRUNTIME140.dll
0x00007ffcd6400000 - 0x00007ffcd65ae000 	C:\WINDOWS\System32\USER32.dll
0x00007ffcd3d10000 - 0x00007ffcd3d36000 	C:\WINDOWS\System32\win32u.dll
0x00007ffcba110000 - 0x00007ffcba3a3000 	C:\WINDOWS\WinSxS\amd64_microsoft.windows.common-controls_6595b64144ccf1df_6.0.22621.3235_none_270f74e173860f98\COMCTL32.dll
0x00007ffcd65b0000 - 0x00007ffcd65d9000 	C:\WINDOWS\System32\GDI32.dll
0x00007ffcd45f0000 - 0x00007ffcd4697000 	C:\WINDOWS\System32\msvcrt.dll
0x00007ffcd40f0000 - 0x00007ffcd4209000 	C:\WINDOWS\System32\gdi32full.dll
0x00007ffcd4210000 - 0x00007ffcd42aa000 	C:\WINDOWS\System32\msvcp_win.dll
0x00007ffcd5140000 - 0x00007ffcd5171000 	C:\WINDOWS\System32\IMM32.DLL
0x00007ffcce780000 - 0x00007ffcce78c000 	C:\Program Files\JetBrains\IntelliJ IDEA 2023.1.1\jbr\bin\vcruntime140_1.dll
0x00007ffc9ec10000 - 0x00007ffc9ec9d000 	C:\Program Files\JetBrains\IntelliJ IDEA 2023.1.1\jbr\bin\msvcp140.dll
0x00007ffc1b650000 - 0x00007ffc1c2be000 	C:\Program Files\JetBrains\IntelliJ IDEA 2023.1.1\jbr\bin\server\jvm.dll
0x00007ffcd4400000 - 0x00007ffcd44b2000 	C:\WINDOWS\System32\ADVAPI32.dll
0x00007ffcd5ca0000 - 0x00007ffcd5d48000 	C:\WINDOWS\System32\sechost.dll
0x00007ffcd42b0000 - 0x00007ffcd42d8000 	C:\WINDOWS\System32\bcrypt.dll
0x00007ffcd44d0000 - 0x00007ffcd45e5000 	C:\WINDOWS\System32\RPCRT4.dll
0x00007ffcad220000 - 0x00007ffcad229000 	C:\WINDOWS\SYSTEM32\WSOCK32.dll
0x00007ffccc210000 - 0x00007ffccc244000 	C:\WINDOWS\SYSTEM32\WINMM.dll
0x00007ffcd2630000 - 0x00007ffcd263a000 	C:\WINDOWS\SYSTEM32\VERSION.dll
0x00007ffcd50c0000 - 0x00007ffcd5131000 	C:\WINDOWS\System32\WS2_32.dll
0x00007ffcd2a30000 - 0x00007ffcd2a48000 	C:\WINDOWS\SYSTEM32\kernel.appcore.dll
0x00007ffccc390000 - 0x00007ffccc39a000 	C:\Program Files\JetBrains\IntelliJ IDEA 2023.1.1\jbr\bin\jimage.dll
0x00007ffcd1220000 - 0x00007ffcd1453000 	C:\WINDOWS\SYSTEM32\DBGHELP.DLL
0x00007ffcd4c40000 - 0x00007ffcd4fc8000 	C:\WINDOWS\System32\combase.dll
0x00007ffcd4aa0000 - 0x00007ffcd4b77000 	C:\WINDOWS\System32\OLEAUT32.dll
0x00007ffcc62f0000 - 0x00007ffcc6322000 	C:\WINDOWS\SYSTEM32\dbgcore.DLL
0x00007ffcd3b20000 - 0x00007ffcd3b99000 	C:\WINDOWS\System32\bcryptPrimitives.dll
0x00007ffcc6a50000 - 0x00007ffcc6a75000 	C:\Program Files\JetBrains\IntelliJ IDEA 2023.1.1\jbr\bin\java.dll

dbghelp: loaded successfully - version: 4.0.5 - missing functions: none
symbol engine: initialized successfully - sym options: 0x614 - pdb path: .;C:\Program Files\JetBrains\IntelliJ IDEA 2023.1.1\jbr\bin;C:\WINDOWS\SYSTEM32;C:\WINDOWS\WinSxS\amd64_microsoft.windows.common-controls_6595b64144ccf1df_6.0.22621.3235_none_270f74e173860f98;C:\Program Files\JetBrains\IntelliJ IDEA 2023.1.1\jbr\bin\server

VM Arguments:
java_command: git4idea.http.GitAskPassApp Username for 'https://github.com': 
java_class_path (initial): C:/Program Files/JetBrains/IntelliJ IDEA 2023.1.1/plugins/vcs-git/lib/git4idea-rt.jar;C:/Program Files/JetBrains/IntelliJ IDEA 2023.1.1/lib/externalProcess-rt.jar
Launcher Type: SUN_STANDARD

[Global flags]
     intx CICompilerCount                          = 4                                         {product} {ergonomic}
     uint ConcGCThreads                            = 2                                         {product} {ergonomic}
     uint G1ConcRefinementThreads                  = 8                                         {product} {ergonomic}
   size_t G1HeapRegionSize                         = 2097152                                   {product} {ergonomic}
    uintx GCDrainStackTargetSize                   = 64                                        {product} {ergonomic}
   size_t InitialHeapSize                          = 199229440                                 {product} {ergonomic}
   size_t MarkStackSize                            = 4194304                                   {product} {ergonomic}
   size_t MaxHeapSize                              = 3160408064                                {product} {ergonomic}
   size_t MinHeapDeltaBytes                        = 2097152                                   {product} {ergonomic}
   size_t MinHeapSize                              = 8388608                                   {product} {ergonomic}
    uintx NonNMethodCodeHeapSize                   = 5839372                                {pd product} {ergonomic}
    uintx NonProfiledCodeHeapSize                  = 122909434                              {pd product} {ergonomic}
    uintx ProfiledCodeHeapSize                     = 122909434                              {pd product} {ergonomic}
    uintx ReservedCodeCacheSize                    = 251658240                              {pd product} {ergonomic}
     bool SegmentedCodeCache                       = true                                      {product} {ergonomic}
   size_t SoftMaxHeapSize                          = 3160408064                             {manageable} {ergonomic}
     bool UseCompressedClassPointers               = true                           {product lp64_product} {ergonomic}
     bool UseCompressedOops                        = true                           {product lp64_product} {ergonomic}
     bool UseG1GC                                  = true                                      {product} {ergonomic}
     bool UseLargePagesIndividualAllocation        = false                                  {pd product} {ergonomic}

Logging:
Log output configuration:
 #0: stdout all=warning uptime,level,tags
 #1: stderr all=off uptime,level,tags

Environment Variables:
PATH=C:\Program Files\Git\mingw64\libexec\git-core;C:\Program Files\Git\mingw64\libexec\git-core;C:\Program Files\Git\mingw64\bin;C:\Program Files\Git\usr\bin;C:\Users\viett\bin;C:\Python312\Scripts;C:\Python312;C:\Program Files\Common Files\Oracle\Java\javapath;C:\WINDOWS\system32;C:\WINDOWS;C:\WINDOWS\System32\Wbem;C:\WINDOWS\System32\WindowsPowerShell\v1.0;C:\WINDOWS\System32\OpenSSH;C:\Program Files\Microsoft SQL Server\Client SDK\ODBC\170\Tools\Binn;C:\Program Files\Git\cmd;C:\Program Files (x86)\Microsoft SQL Server\160\Tools\Binn;C:\Program Files\Microsoft SQL Server\160\Tools\Binn;C:\Program Files\Microsoft SQL Server\160\DTS\Binn;C:\Program Files (x86)\Microsoft SQL Server\160\DTS\Binn;C:\Program Files\Azure Data Studio\bin;C:\Program Files\Microsoft SQL Server\150\Tools\Binn;D:\HocTap\TotoiseGit\bin;C:\ProgramData\chocolatey\bin;C:\Program Files\nodejs;C:\Program Files\Microsoft SQL Server\130\Tools\Binn;C:\Program Files\dotnet;C:\Users\viett\AppData\Local\Microsoft\WindowsApps;D:\IntelliJ IDEA 2022.3.2\bin;D:\H?c T?p\Microsoft VS Code\bin;D:\Hoc_Tap_App\Xampp\php;C:\Program Files\Azure Data Studio\bin;C:\Users\viett\AppData\Local\GitHubDesktop\bin;C:\Users\viett\AppData\Roaming\npm
USERNAME=viett
DISPLAY=:0.0
LC_ALL=en_US.UTF-8
TERM=xterm-256color
TMPDIR=C:\Users\viett\AppData\Local\Temp
OS=Windows_NT
PROCESSOR_IDENTIFIER=Intel64 Family 6 Model 126 Stepping 5, GenuineIntel
TMP=C:\Users\viett\AppData\Local\Temp
TEMP=C:\Users\viett\AppData\Local\Temp


JNI global refs:

[error occurred during error reporting (JNI global references), id 0xc0000005, EXCEPTION_ACCESS_VIOLATION (0xc0000005) at pc=0x00007ffc1b707a10]


---------------  S Y S T E M  ---------------

OS:
 Windows 11 , 64 bit Build 22621 (10.0.22621.3374)
OS uptime: 6 days 0:56 hours

CPU: total 8 (initial active 8) (4 cores per cpu, 2 threads per core) family 6 model 126 stepping 5 microcode 0xc2, cx8, cmov, fxsr, ht, mmx, 3dnowpref, sse, sse2, sse3, ssse3, sse4.1, sse4.2, popcnt, lzcnt, tsc, tscinvbit, avx, avx2, aes, erms, clmul, bmi1, bmi2, adx, avx512f, avx512dq, avx512cd, avx512bw, avx512vl, sha, fma, vzeroupper, avx512_vpopcntdq, avx512_vpclmulqdq, avx512_vaes, avx512_vnni, clflush, clflushopt, avx512_vbmi2, avx512_vbmi

Memory: 4k page, system-wide physical 12054M (1537M free)
TotalPageFile size 23865M (AvailPageFile size 143M)
current process WorkingSet (physical memory assigned to process): 11M, peak: 11M
current process commit charge ("private bytes"): 60M, peak: 250M

vm_info: OpenJDK 64-Bit Server VM (17.0.6+10-b829.9) for windows-amd64 JRE (17.0.6+10-b829.9), built on 2023-04-09 by "builduser" with MS VC++ 16.10 / 16.11 (VS2019)

END.
